<?xml version="1.0" encoding="UTF-8"?>
<coverage generated="1609813920262" clover="3.2.0">
  <project timestamp="1609813920262" name="All files">
    <metrics statements="68" coveredstatements="54" conditionals="15" coveredconditionals="12" methods="24" coveredmethods="18" elements="107" coveredelements="84" complexity="0" loc="68" ncloc="68" packages="2" files="3" classes="3"/>
    <package name="components">
      <metrics statements="64" coveredstatements="52" conditionals="15" coveredconditionals="12" methods="23" coveredmethods="17"/>
      <file name="addPatientForm.jsx" path="/Users/robertoconnor/Desktop/hbeds/client/src/components/addPatientForm.jsx">
        <metrics statements="26" coveredstatements="20" conditionals="15" coveredconditionals="12" methods="10" coveredmethods="10"/>
        <line num="6" count="159" type="stmt"/>
        <line num="7" count="159" type="stmt"/>
        <line num="8" count="159" type="stmt"/>
        <line num="9" count="159" type="stmt"/>
        <line num="11" count="159" type="stmt"/>
        <line num="12" count="159" type="cond" truecount="3" falsecount="1"/>
        <line num="13" count="159" type="stmt"/>
        <line num="14" count="159" type="stmt"/>
        <line num="15" count="636" type="stmt"/>
        <line num="20" count="159" type="stmt"/>
        <line num="21" count="14" type="stmt"/>
        <line num="22" count="14" type="cond" truecount="5" falsecount="0"/>
        <line num="23" count="12" type="stmt"/>
        <line num="25" count="2" type="stmt"/>
        <line num="27" count="0" type="cond" truecount="0" falsecount="2"/>
        <line num="28" count="0" type="stmt"/>
        <line num="29" count="0" type="stmt"/>
        <line num="30" count="0" type="stmt"/>
        <line num="31" count="0" type="stmt"/>
        <line num="33" count="0" type="stmt"/>
        <line num="38" count="159" type="stmt"/>
        <line num="43" count="14" type="stmt"/>
        <line num="48" count="105" type="stmt"/>
        <line num="53" count="10" type="stmt"/>
        <line num="63" count="636" type="stmt"/>
        <line num="65" count="11" type="stmt"/>
      </file>
      <file name="test_react_spec.js" path="/Users/robertoconnor/Desktop/hbeds/client/src/components/test_react_spec.js">
        <metrics statements="38" coveredstatements="32" conditionals="0" coveredconditionals="0" methods="13" coveredmethods="7"/>
        <line num="6" count="7" type="stmt"/>
        <line num="67" count="7" type="stmt"/>
        <line num="68" count="7" type="stmt"/>
        <line num="69" count="0" type="stmt"/>
        <line num="72" count="7" type="stmt"/>
        <line num="73" count="7" type="stmt"/>
        <line num="74" count="0" type="stmt"/>
        <line num="78" count="7" type="stmt"/>
        <line num="81" count="7" type="stmt"/>
        <line num="82" count="6" type="stmt"/>
        <line num="87" count="7" type="stmt"/>
        <line num="88" count="5" type="stmt"/>
        <line num="89" count="0" type="stmt"/>
        <line num="93" count="5" type="stmt"/>
        <line num="94" count="5" type="stmt"/>
        <line num="96" count="5" type="stmt"/>
        <line num="97" count="5" type="stmt"/>
        <line num="100" count="7" type="stmt"/>
        <line num="101" count="4" type="stmt"/>
        <line num="102" count="0" type="stmt"/>
        <line num="106" count="4" type="stmt"/>
        <line num="107" count="4" type="stmt"/>
        <line num="109" count="4" type="stmt"/>
        <line num="110" count="4" type="stmt"/>
        <line num="113" count="7" type="stmt"/>
        <line num="114" count="3" type="stmt"/>
        <line num="115" count="0" type="stmt"/>
        <line num="119" count="3" type="stmt"/>
        <line num="120" count="3" type="stmt"/>
        <line num="122" count="3" type="stmt"/>
        <line num="123" count="3" type="stmt"/>
        <line num="126" count="7" type="stmt"/>
        <line num="127" count="2" type="stmt"/>
        <line num="128" count="0" type="stmt"/>
        <line num="132" count="2" type="stmt"/>
        <line num="133" count="2" type="stmt"/>
        <line num="134" count="2" type="stmt"/>
        <line num="136" count="2" type="stmt"/>
      </file>
    </package>
    <package name="util">
      <metrics statements="4" coveredstatements="2" conditionals="0" coveredconditionals="0" methods="1" coveredmethods="1"/>
      <file name="patientApiUtil.js" path="/Users/robertoconnor/Desktop/hbeds/client/src/util/patientApiUtil.js">
        <metrics statements="4" coveredstatements="2" conditionals="0" coveredconditionals="0" methods="1" coveredmethods="1"/>
        <line num="1" count="7" type="stmt"/>
        <line num="2" count="2" type="stmt"/>
        <line num="10" count="0" type="stmt"/>
        <line num="11" count="0" type="stmt"/>
      </file>
    </package>
  </project>
</coverage>
