<?xml version="1.0" encoding="UTF-8"?>
<coverage generated="1609812488173" clover="3.2.0">
  <project timestamp="1609812488173" name="All files">
    <metrics statements="38" coveredstatements="19" conditionals="15" coveredconditionals="5" methods="15" coveredmethods="7" elements="68" coveredelements="31" complexity="0" loc="38" ncloc="38" packages="2" files="3" classes="3"/>
    <package name="components">
      <metrics statements="34" coveredstatements="18" conditionals="15" coveredconditionals="5" methods="14" coveredmethods="7"/>
      <file name="addPatientForm.jsx" path="/Users/robertoconnor/Desktop/hbeds/client/src/components/addPatientForm.jsx">
        <metrics statements="26" coveredstatements="12" conditionals="15" coveredconditionals="5" methods="10" coveredmethods="5"/>
        <line num="6" count="2" type="stmt"/>
        <line num="7" count="2" type="stmt"/>
        <line num="8" count="2" type="stmt"/>
        <line num="9" count="2" type="stmt"/>
        <line num="11" count="2" type="stmt"/>
        <line num="12" count="2" type="cond" truecount="3" falsecount="1"/>
        <line num="13" count="2" type="stmt"/>
        <line num="14" count="2" type="stmt"/>
        <line num="15" count="8" type="stmt"/>
        <line num="20" count="2" type="stmt"/>
        <line num="21" count="0" type="stmt"/>
        <line num="22" count="0" type="cond" truecount="0" falsecount="5"/>
        <line num="23" count="0" type="stmt"/>
        <line num="25" count="0" type="stmt"/>
        <line num="27" count="0" type="cond" truecount="0" falsecount="2"/>
        <line num="28" count="0" type="stmt"/>
        <line num="29" count="0" type="stmt"/>
        <line num="30" count="0" type="stmt"/>
        <line num="31" count="0" type="stmt"/>
        <line num="33" count="0" type="stmt"/>
        <line num="38" count="2" type="stmt"/>
        <line num="43" count="0" type="stmt"/>
        <line num="48" count="0" type="stmt"/>
        <line num="53" count="0" type="stmt"/>
        <line num="63" count="8" type="stmt"/>
        <line num="65" count="0" type="stmt"/>
      </file>
      <file name="test_react_spec.js" path="/Users/robertoconnor/Desktop/hbeds/client/src/components/test_react_spec.js">
        <metrics statements="8" coveredstatements="6" conditionals="0" coveredconditionals="0" methods="4" coveredmethods="2"/>
        <line num="6" count="2" type="stmt"/>
        <line num="67" count="2" type="stmt"/>
        <line num="68" count="2" type="stmt"/>
        <line num="69" count="2" type="stmt"/>
        <line num="70" count="0" type="stmt"/>
        <line num="73" count="2" type="stmt"/>
        <line num="74" count="0" type="stmt"/>
        <line num="78" count="2" type="stmt"/>
      </file>
    </package>
    <package name="util">
      <metrics statements="4" coveredstatements="1" conditionals="0" coveredconditionals="0" methods="1" coveredmethods="0"/>
      <file name="patientApiUtil.js" path="/Users/robertoconnor/Desktop/hbeds/client/src/util/patientApiUtil.js">
        <metrics statements="4" coveredstatements="1" conditionals="0" coveredconditionals="0" methods="1" coveredmethods="0"/>
        <line num="1" count="2" type="stmt"/>
        <line num="2" count="0" type="stmt"/>
        <line num="10" count="0" type="stmt"/>
        <line num="11" count="0" type="stmt"/>
      </file>
    </package>
  </project>
</coverage>
