{"/Users/robertoconnor/Desktop/hbeds/client/src/components/addPatientForm.jsx": {"path":"/Users/robertoconnor/Desktop/hbeds/client/src/components/addPatientForm.jsx","statementMap":{"0":{"start":{"line":6,"column":29},"end":{"line":6,"column":41}},"1":{"start":{"line":7,"column":33},"end":{"line":7,"column":45}},"2":{"start":{"line":8,"column":43},"end":{"line":8,"column":57}},"3":{"start":{"line":9,"column":43},"end":{"line":9,"column":55}},"4":{"start":{"line":11,"column":18},"end":{"line":11,"column":20}},"5":{"start":{"line":12,"column":2},"end":{"line":18,"column":3}},"6":{"start":{"line":13,"column":4},"end":{"line":17,"column":6}},"7":{"start":{"line":14,"column":6},"end":{"line":16,"column":8}},"8":{"start":{"line":15,"column":8},"end":{"line":15,"column":75}},"9":{"start":{"line":15,"column":61},"end":{"line":15,"column":73}},"10":{"start":{"line":20,"column":24},"end":{"line":36,"column":3}},"11":{"start":{"line":21,"column":4},"end":{"line":21,"column":22}},"12":{"start":{"line":22,"column":4},"end":{"line":35,"column":5}},"13":{"start":{"line":23,"column":6},"end":{"line":23,"column":59}},"14":{"start":{"line":25,"column":18},"end":{"line":25,"column":70}},"15":{"start":{"line":27,"column":6},"end":{"line":34,"column":7}},"16":{"start":{"line":28,"column":8},"end":{"line":28,"column":22}},"17":{"start":{"line":29,"column":8},"end":{"line":29,"column":22}},"18":{"start":{"line":30,"column":8},"end":{"line":30,"column":24}},"19":{"start":{"line":31,"column":8},"end":{"line":31,"column":31}},"20":{"start":{"line":33,"column":8},"end":{"line":33,"column":38}},"21":{"start":{"line":38,"column":2},"end":{"line":76,"column":3}},"22":{"start":{"line":43,"column":25},"end":{"line":43,"column":41}},"23":{"start":{"line":48,"column":27},"end":{"line":48,"column":53}},"24":{"start":{"line":53,"column":27},"end":{"line":53,"column":55}},"25":{"start":{"line":63,"column":10},"end":{"line":67,"column":11}},"26":{"start":{"line":65,"column":29},"end":{"line":65,"column":56}}},"fnMap":{"0":{"name":"AddPatientForm","decl":{"start":{"line":5,"column":24},"end":{"line":5,"column":38}},"loc":{"start":{"line":5,"column":65},"end":{"line":77,"column":1}},"line":5},"1":{"name":"(anonymous_1)","decl":{"start":{"line":13,"column":19},"end":{"line":13,"column":20}},"loc":{"start":{"line":13,"column":28},"end":{"line":17,"column":5}},"line":13},"2":{"name":"(anonymous_2)","decl":{"start":{"line":14,"column":26},"end":{"line":14,"column":27}},"loc":{"start":{"line":14,"column":34},"end":{"line":16,"column":7}},"line":14},"3":{"name":"(anonymous_3)","decl":{"start":{"line":15,"column":54},"end":{"line":15,"column":55}},"loc":{"start":{"line":15,"column":61},"end":{"line":15,"column":73}},"line":15},"4":{"name":"(anonymous_4)","decl":{"start":{"line":20,"column":24},"end":{"line":20,"column":25}},"loc":{"start":{"line":20,"column":37},"end":{"line":36,"column":3}},"line":20},"5":{"name":"(anonymous_5)","decl":{"start":{"line":43,"column":18},"end":{"line":43,"column":19}},"loc":{"start":{"line":43,"column":25},"end":{"line":43,"column":41}},"line":43},"6":{"name":"(anonymous_6)","decl":{"start":{"line":48,"column":20},"end":{"line":48,"column":21}},"loc":{"start":{"line":48,"column":27},"end":{"line":48,"column":53}},"line":48},"7":{"name":"(anonymous_7)","decl":{"start":{"line":53,"column":20},"end":{"line":53,"column":21}},"loc":{"start":{"line":53,"column":27},"end":{"line":53,"column":55}},"line":53},"8":{"name":"(anonymous_8)","decl":{"start":{"line":62,"column":23},"end":{"line":62,"column":24}},"loc":{"start":{"line":62,"column":30},"end":{"line":68,"column":9}},"line":62},"9":{"name":"(anonymous_9)","decl":{"start":{"line":65,"column":23},"end":{"line":65,"column":24}},"loc":{"start":{"line":65,"column":29},"end":{"line":65,"column":56}},"line":65}},"branchMap":{"0":{"loc":{"start":{"line":12,"column":2},"end":{"line":18,"column":3}},"type":"if","locations":[{"start":{"line":12,"column":2},"end":{"line":18,"column":3}},{"start":{"line":12,"column":2},"end":{"line":18,"column":3}}],"line":12},"1":{"loc":{"start":{"line":12,"column":6},"end":{"line":12,"column":37}},"type":"binary-expr","locations":[{"start":{"line":12,"column":6},"end":{"line":12,"column":12}},{"start":{"line":12,"column":16},"end":{"line":12,"column":37}}],"line":12},"2":{"loc":{"start":{"line":22,"column":4},"end":{"line":35,"column":5}},"type":"if","locations":[{"start":{"line":22,"column":4},"end":{"line":35,"column":5}},{"start":{"line":22,"column":4},"end":{"line":35,"column":5}}],"line":22},"3":{"loc":{"start":{"line":22,"column":8},"end":{"line":22,"column":40}},"type":"binary-expr","locations":[{"start":{"line":22,"column":8},"end":{"line":22,"column":13}},{"start":{"line":22,"column":17},"end":{"line":22,"column":24}},{"start":{"line":22,"column":28},"end":{"line":22,"column":40}}],"line":22},"4":{"loc":{"start":{"line":27,"column":6},"end":{"line":34,"column":7}},"type":"if","locations":[{"start":{"line":27,"column":6},"end":{"line":34,"column":7}},{"start":{"line":27,"column":6},"end":{"line":34,"column":7}}],"line":27},"5":{"loc":{"start":{"line":64,"column":43},"end":{"line":64,"column":90}},"type":"cond-expr","locations":[{"start":{"line":64,"column":70},"end":{"line":64,"column":85}},{"start":{"line":64,"column":88},"end":{"line":64,"column":90}}],"line":64},"6":{"loc":{"start":{"line":72,"column":8},"end":{"line":73,"column":28}},"type":"binary-expr","locations":[{"start":{"line":72,"column":8},"end":{"line":72,"column":19}},{"start":{"line":73,"column":8},"end":{"line":73,"column":28}}],"line":72}},"s":{"0":159,"1":159,"2":159,"3":159,"4":159,"5":159,"6":159,"7":159,"8":318,"9":636,"10":159,"11":14,"12":14,"13":12,"14":2,"15":0,"16":0,"17":0,"18":0,"19":0,"20":0,"21":159,"22":14,"23":105,"24":10,"25":636,"26":11},"f":{"0":159,"1":159,"2":318,"3":636,"4":14,"5":14,"6":105,"7":10,"8":636,"9":11},"b":{"0":[159,0],"1":[159,159],"2":[12,2],"3":[14,9,5],"4":[0,0],"5":[20,616],"6":[159,12]},"_coverageSchema":"1a1c01bbd47fc00a2c39e90264f33305004495a9","hash":"383cd0ac278ce375a3950bd0c4135d2b1344caa7"}
,"/Users/robertoconnor/Desktop/hbeds/client/src/components/test_react_spec.js": {"path":"/Users/robertoconnor/Desktop/hbeds/client/src/components/test_react_spec.js","statementMap":{"0":{"start":{"line":6,"column":15},"end":{"line":65,"column":1}},"1":{"start":{"line":67,"column":0},"end":{"line":139,"column":2}},"2":{"start":{"line":68,"column":2},"end":{"line":70,"column":4}},"3":{"start":{"line":69,"column":4},"end":{"line":69,"column":16}},"4":{"start":{"line":72,"column":2},"end":{"line":79,"column":4}},"5":{"start":{"line":73,"column":4},"end":{"line":76,"column":5}},"6":{"start":{"line":74,"column":58},"end":{"line":74,"column":62}},"7":{"start":{"line":78,"column":4},"end":{"line":78,"column":51}},"8":{"start":{"line":81,"column":2},"end":{"line":85,"column":4}},"9":{"start":{"line":82,"column":4},"end":{"line":84,"column":38}},"10":{"start":{"line":87,"column":2},"end":{"line":98,"column":4}},"11":{"start":{"line":88,"column":4},"end":{"line":91,"column":5}},"12":{"start":{"line":89,"column":58},"end":{"line":89,"column":62}},"13":{"start":{"line":93,"column":4},"end":{"line":93,"column":36}},"14":{"start":{"line":94,"column":4},"end":{"line":94,"column":40}},"15":{"start":{"line":96,"column":4},"end":{"line":96,"column":42}},"16":{"start":{"line":97,"column":4},"end":{"line":97,"column":51}},"17":{"start":{"line":100,"column":2},"end":{"line":111,"column":4}},"18":{"start":{"line":101,"column":4},"end":{"line":104,"column":5}},"19":{"start":{"line":102,"column":58},"end":{"line":102,"column":62}},"20":{"start":{"line":106,"column":4},"end":{"line":106,"column":35}},"21":{"start":{"line":107,"column":4},"end":{"line":107,"column":40}},"22":{"start":{"line":109,"column":4},"end":{"line":109,"column":42}},"23":{"start":{"line":110,"column":4},"end":{"line":110,"column":51}},"24":{"start":{"line":113,"column":2},"end":{"line":124,"column":4}},"25":{"start":{"line":114,"column":4},"end":{"line":117,"column":5}},"26":{"start":{"line":115,"column":58},"end":{"line":115,"column":62}},"27":{"start":{"line":119,"column":4},"end":{"line":119,"column":35}},"28":{"start":{"line":120,"column":4},"end":{"line":120,"column":36}},"29":{"start":{"line":122,"column":4},"end":{"line":122,"column":42}},"30":{"start":{"line":123,"column":4},"end":{"line":123,"column":51}},"31":{"start":{"line":126,"column":2},"end":{"line":138,"column":4}},"32":{"start":{"line":127,"column":4},"end":{"line":130,"column":5}},"33":{"start":{"line":128,"column":58},"end":{"line":128,"column":80}},"34":{"start":{"line":132,"column":4},"end":{"line":132,"column":35}},"35":{"start":{"line":133,"column":4},"end":{"line":133,"column":36}},"36":{"start":{"line":134,"column":4},"end":{"line":134,"column":40}},"37":{"start":{"line":136,"column":4},"end":{"line":136,"column":42}}},"fnMap":{"0":{"name":"(anonymous_0)","decl":{"start":{"line":67,"column":28},"end":{"line":67,"column":29}},"loc":{"start":{"line":67,"column":34},"end":{"line":139,"column":1}},"line":67},"1":{"name":"(anonymous_1)","decl":{"start":{"line":68,"column":30},"end":{"line":68,"column":31}},"loc":{"start":{"line":68,"column":49},"end":{"line":70,"column":3}},"line":68},"2":{"name":"(anonymous_2)","decl":{"start":{"line":72,"column":15},"end":{"line":72,"column":16}},"loc":{"start":{"line":72,"column":21},"end":{"line":79,"column":3}},"line":72},"3":{"name":"(anonymous_3)","decl":{"start":{"line":74,"column":52},"end":{"line":74,"column":53}},"loc":{"start":{"line":74,"column":58},"end":{"line":74,"column":62}},"line":74},"4":{"name":"(anonymous_4)","decl":{"start":{"line":81,"column":38},"end":{"line":81,"column":39}},"loc":{"start":{"line":81,"column":44},"end":{"line":85,"column":3}},"line":81},"5":{"name":"(anonymous_5)","decl":{"start":{"line":87,"column":37},"end":{"line":87,"column":38}},"loc":{"start":{"line":87,"column":43},"end":{"line":98,"column":3}},"line":87},"6":{"name":"(anonymous_6)","decl":{"start":{"line":89,"column":52},"end":{"line":89,"column":53}},"loc":{"start":{"line":89,"column":58},"end":{"line":89,"column":62}},"line":89},"7":{"name":"(anonymous_7)","decl":{"start":{"line":100,"column":39},"end":{"line":100,"column":40}},"loc":{"start":{"line":100,"column":45},"end":{"line":111,"column":3}},"line":100},"8":{"name":"(anonymous_8)","decl":{"start":{"line":102,"column":52},"end":{"line":102,"column":53}},"loc":{"start":{"line":102,"column":58},"end":{"line":102,"column":62}},"line":102},"9":{"name":"(anonymous_9)","decl":{"start":{"line":113,"column":45},"end":{"line":113,"column":46}},"loc":{"start":{"line":113,"column":51},"end":{"line":124,"column":3}},"line":113},"10":{"name":"(anonymous_10)","decl":{"start":{"line":115,"column":52},"end":{"line":115,"column":53}},"loc":{"start":{"line":115,"column":58},"end":{"line":115,"column":62}},"line":115},"11":{"name":"(anonymous_11)","decl":{"start":{"line":126,"column":41},"end":{"line":126,"column":42}},"loc":{"start":{"line":126,"column":47},"end":{"line":138,"column":3}},"line":126},"12":{"name":"(anonymous_12)","decl":{"start":{"line":128,"column":52},"end":{"line":128,"column":53}},"loc":{"start":{"line":128,"column":58},"end":{"line":128,"column":80}},"line":128}},"branchMap":{},"s":{"0":7,"1":7,"2":7,"3":0,"4":7,"5":7,"6":0,"7":7,"8":7,"9":6,"10":7,"11":5,"12":0,"13":5,"14":5,"15":5,"16":5,"17":7,"18":4,"19":0,"20":4,"21":4,"22":4,"23":4,"24":7,"25":3,"26":0,"27":3,"28":3,"29":3,"30":3,"31":7,"32":2,"33":0,"34":2,"35":2,"36":2,"37":2},"f":{"0":7,"1":0,"2":7,"3":0,"4":6,"5":5,"6":0,"7":4,"8":0,"9":3,"10":0,"11":2,"12":0},"b":{},"_coverageSchema":"1a1c01bbd47fc00a2c39e90264f33305004495a9","hash":"f9f83bce7e7ac9bfd12734235ecde29a08aa49b7"}
,"/Users/robertoconnor/Desktop/hbeds/client/src/util/patientApiUtil.js": {"path":"/Users/robertoconnor/Desktop/hbeds/client/src/util/patientApiUtil.js","statementMap":{"0":{"start":{"line":1,"column":31},"end":{"line":12,"column":1}},"1":{"start":{"line":2,"column":14},"end":{"line":8,"column":4}},"2":{"start":{"line":10,"column":18},"end":{"line":10,"column":34}},"3":{"start":{"line":11,"column":2},"end":{"line":11,"column":16}}},"fnMap":{"0":{"name":"(anonymous_0)","decl":{"start":{"line":1,"column":31},"end":{"line":1,"column":32}},"loc":{"start":{"line":1,"column":47},"end":{"line":12,"column":1}},"line":1}},"branchMap":{},"s":{"0":7,"1":2,"2":0,"3":0},"f":{"0":2},"b":{},"_coverageSchema":"1a1c01bbd47fc00a2c39e90264f33305004495a9","hash":"8ef51abcb524e9939adda762c1efbb9daebaced4"}
}
