{"total": {"lines":{"total":68,"covered":54,"skipped":0,"pct":79.41},"statements":{"total":69,"covered":55,"skipped":0,"pct":79.71},"functions":{"total":24,"covered":18,"skipped":0,"pct":75},"branches":{"total":15,"covered":12,"skipped":0,"pct":80}}
,"/Users/robertoconnor/Desktop/hbeds/client/src/components/addPatientForm.jsx": {"lines":{"total":26,"covered":20,"skipped":0,"pct":76.92},"functions":{"total":10,"covered":10,"skipped":0,"pct":100},"statements":{"total":27,"covered":21,"skipped":0,"pct":77.78},"branches":{"total":15,"covered":12,"skipped":0,"pct":80}}
,"/Users/robertoconnor/Desktop/hbeds/client/src/components/test_react_spec.js": {"lines":{"total":38,"covered":32,"skipped":0,"pct":84.21},"functions":{"total":13,"covered":7,"skipped":0,"pct":53.85},"statements":{"total":38,"covered":32,"skipped":0,"pct":84.21},"branches":{"total":0,"covered":0,"skipped":0,"pct":100}}
,"/Users/robertoconnor/Desktop/hbeds/client/src/util/patientApiUtil.js": {"lines":{"total":4,"covered":2,"skipped":0,"pct":50},"functions":{"total":1,"covered":1,"skipped":0,"pct":100},"statements":{"total":4,"covered":2,"skipped":0,"pct":50},"branches":{"total":0,"covered":0,"skipped":0,"pct":100}}
}
