{"total": {"lines":{"total":38,"covered":19,"skipped":0,"pct":50},"statements":{"total":39,"covered":20,"skipped":0,"pct":51.28},"functions":{"total":15,"covered":7,"skipped":0,"pct":46.67},"branches":{"total":15,"covered":5,"skipped":0,"pct":33.33}}
,"/Users/robertoconnor/Desktop/hbeds/client/src/components/addPatientForm.jsx": {"lines":{"total":26,"covered":12,"skipped":0,"pct":46.15},"functions":{"total":10,"covered":5,"skipped":0,"pct":50},"statements":{"total":27,"covered":13,"skipped":0,"pct":48.15},"branches":{"total":15,"covered":5,"skipped":0,"pct":33.33}}
,"/Users/robertoconnor/Desktop/hbeds/client/src/components/test_react_spec.js": {"lines":{"total":8,"covered":6,"skipped":0,"pct":75},"functions":{"total":4,"covered":2,"skipped":0,"pct":50},"statements":{"total":8,"covered":6,"skipped":0,"pct":75},"branches":{"total":0,"covered":0,"skipped":0,"pct":100}}
,"/Users/robertoconnor/Desktop/hbeds/client/src/util/patientApiUtil.js": {"lines":{"total":4,"covered":1,"skipped":0,"pct":25},"functions":{"total":1,"covered":0,"skipped":0,"pct":0},"statements":{"total":4,"covered":1,"skipped":0,"pct":25},"branches":{"total":0,"covered":0,"skipped":0,"pct":100}}
}
