TN:
SF:src/components/addPatientForm.jsx
FN:5,AddPatientForm
FN:13,(anonymous_1)
FN:14,(anonymous_2)
FN:15,(anonymous_3)
FN:20,(anonymous_4)
FN:43,(anonymous_5)
FN:48,(anonymous_6)
FN:53,(anonymous_7)
FN:62,(anonymous_8)
FN:65,(anonymous_9)
FNF:10
FNH:10
FNDA:159,AddPatientForm
FNDA:159,(anonymous_1)
FNDA:318,(anonymous_2)
FNDA:636,(anonymous_3)
FNDA:14,(anonymous_4)
FNDA:14,(anonymous_5)
FNDA:105,(anonymous_6)
FNDA:10,(anonymous_7)
FNDA:636,(anonymous_8)
FNDA:11,(anonymous_9)
DA:6,159
DA:7,159
DA:8,159
DA:9,159
DA:11,159
DA:12,159
DA:13,159
DA:14,159
DA:15,636
DA:20,159
DA:21,14
DA:22,14
DA:23,12
DA:25,2
DA:27,0
DA:28,0
DA:29,0
DA:30,0
DA:31,0
DA:33,0
DA:38,159
DA:43,14
DA:48,105
DA:53,10
DA:63,636
DA:65,11
LF:26
LH:20
BRDA:12,0,0,159
BRDA:12,0,1,0
BRDA:12,1,0,159
BRDA:12,1,1,159
BRDA:22,2,0,12
BRDA:22,2,1,2
BRDA:22,3,0,14
BRDA:22,3,1,9
BRDA:22,3,2,5
BRDA:27,4,0,0
BRDA:27,4,1,0
BRDA:64,5,0,20
BRDA:64,5,1,616
BRDA:72,6,0,159
BRDA:72,6,1,12
BRF:15
BRH:12
end_of_record
TN:
SF:src/components/test_react_spec.js
FN:67,(anonymous_0)
FN:68,(anonymous_1)
FN:72,(anonymous_2)
FN:74,(anonymous_3)
FN:81,(anonymous_4)
FN:87,(anonymous_5)
FN:89,(anonymous_6)
FN:100,(anonymous_7)
FN:102,(anonymous_8)
FN:113,(anonymous_9)
FN:115,(anonymous_10)
FN:126,(anonymous_11)
FN:128,(anonymous_12)
FNF:13
FNH:7
FNDA:7,(anonymous_0)
FNDA:0,(anonymous_1)
FNDA:7,(anonymous_2)
FNDA:0,(anonymous_3)
FNDA:6,(anonymous_4)
FNDA:5,(anonymous_5)
FNDA:0,(anonymous_6)
FNDA:4,(anonymous_7)
FNDA:0,(anonymous_8)
FNDA:3,(anonymous_9)
FNDA:0,(anonymous_10)
FNDA:2,(anonymous_11)
FNDA:0,(anonymous_12)
DA:6,7
DA:67,7
DA:68,7
DA:69,0
DA:72,7
DA:73,7
DA:74,0
DA:78,7
DA:81,7
DA:82,6
DA:87,7
DA:88,5
DA:89,0
DA:93,5
DA:94,5
DA:96,5
DA:97,5
DA:100,7
DA:101,4
DA:102,0
DA:106,4
DA:107,4
DA:109,4
DA:110,4
DA:113,7
DA:114,3
DA:115,0
DA:119,3
DA:120,3
DA:122,3
DA:123,3
DA:126,7
DA:127,2
DA:128,0
DA:132,2
DA:133,2
DA:134,2
DA:136,2
LF:38
LH:32
BRF:0
BRH:0
end_of_record
TN:
SF:src/util/patientApiUtil.js
FN:1,(anonymous_0)
FNF:1
FNH:1
FNDA:2,(anonymous_0)
DA:1,7
DA:2,2
DA:10,0
DA:11,0
LF:4
LH:2
BRF:0
BRH:0
end_of_record
