TN:
SF:src/components/addPatientForm.jsx
FN:5,AddPatientForm
FN:13,(anonymous_1)
FN:14,(anonymous_2)
FN:15,(anonymous_3)
FN:20,(anonymous_4)
FN:43,(anonymous_5)
FN:48,(anonymous_6)
FN:53,(anonymous_7)
FN:62,(anonymous_8)
FN:65,(anonymous_9)
FNF:10
FNH:5
FNDA:2,AddPatientForm
FNDA:2,(anonymous_1)
FNDA:4,(anonymous_2)
FNDA:8,(anonymous_3)
FNDA:0,(anonymous_4)
FNDA:0,(anonymous_5)
FNDA:0,(anonymous_6)
FNDA:0,(anonymous_7)
FNDA:8,(anonymous_8)
FNDA:0,(anonymous_9)
DA:6,2
DA:7,2
DA:8,2
DA:9,2
DA:11,2
DA:12,2
DA:13,2
DA:14,2
DA:15,8
DA:20,2
DA:21,0
DA:22,0
DA:23,0
DA:25,0
DA:27,0
DA:28,0
DA:29,0
DA:30,0
DA:31,0
DA:33,0
DA:38,2
DA:43,0
DA:48,0
DA:53,0
DA:63,8
DA:65,0
LF:26
LH:12
BRDA:12,0,0,2
BRDA:12,0,1,0
BRDA:12,1,0,2
BRDA:12,1,1,2
BRDA:22,2,0,0
BRDA:22,2,1,0
BRDA:22,3,0,0
BRDA:22,3,1,0
BRDA:22,3,2,0
BRDA:27,4,0,0
BRDA:27,4,1,0
BRDA:64,5,0,0
BRDA:64,5,1,8
BRDA:72,6,0,2
BRDA:72,6,1,0
BRF:15
BRH:5
end_of_record
TN:
SF:src/components/test_react_spec.js
FN:67,(anonymous_0)
FN:68,(anonymous_1)
FN:69,(anonymous_2)
FN:74,(anonymous_3)
FNF:4
FNH:2
FNDA:2,(anonymous_0)
FNDA:2,(anonymous_1)
FNDA:0,(anonymous_2)
FNDA:0,(anonymous_3)
DA:6,2
DA:67,2
DA:68,2
DA:69,2
DA:70,0
DA:73,2
DA:74,0
DA:78,2
LF:8
LH:6
BRF:0
BRH:0
end_of_record
TN:
SF:src/util/patientApiUtil.js
FN:1,(anonymous_0)
FNF:1
FNH:0
FNDA:0,(anonymous_0)
DA:1,2
DA:2,0
DA:10,0
DA:11,0
LF:4
LH:1
BRF:0
BRH:0
end_of_record
